<?xml version="1.0" encoding="UTF-8"?>
<!-- Generated by org.testng.reporters.JUnitReportReporter -->
<testsuite hostname="macpk-wks-0135" failures="0" tests="4" name="Master.Level2Connect" time="296.119" errors="0" timestamp="2022-04-16T15:16:33 PKT" skipped="0">
  <testcase classname="Master.Level2Connect" name="ConnectLoginApp" time="47.990"/>
  <system-out/>
  <testcase classname="Master.Level2Connect" name="Advanced_SearchResult" time="71.836"/>
  <system-out/>
  <testcase classname="Master.Level2Connect" name="DistCreditScore" time="134.297"/>
  <system-out/>
  <testcase classname="Master.Level2Connect" name="ASIMediaStats" time="41.996"/>
  <system-out/>
</testsuite> <!-- Master.Level2Connect -->
